<?xml version="1.0" encoding="UTF-8"?>
<!-- Generated by org.testng.reporters.JUnitReportReporter -->
<testsuite skipped="0" hostname="HIGURL60281" name="com.testcase.TestCaseOne" tests="1" failures="0" timestamp="23 May 2019 07:28:32 GMT" time="17.058" errors="0">
  <testcase name="test1" time="17.058" classname="com.testcase.TestCaseOne"/>
</testsuite> <!-- com.testcase.TestCaseOne -->
